0 info it worked if it ends with ok
1 verbose cli [ '/usr/local/bin/node', '/usr/local/bin/npm', 'cache', 'clear' ]
2 info using npm@1.4.28
3 info using node@v0.10.35
4 error Error: EACCES, unlink '/home/alex/.npm/abbrev/1.0.5'
4 error  { [Error: EACCES, unlink '/home/alex/.npm/abbrev/1.0.5']
4 error   errno: 3,
4 error   code: 'EACCES',
4 error   path: '/home/alex/.npm/abbrev/1.0.5' }
5 error Please try running this command again as root/Administrator.
6 error System Linux 3.14.0-031400-generic
7 error command "/usr/local/bin/node" "/usr/local/bin/npm" "cache" "clear"
8 error cwd /home/alex/PROJECTS/FITTEST/Software/UtrechtUniv/tools/JSDomTest/js
9 error node -v v0.10.35
10 error npm -v 1.4.28
11 error path /home/alex/.npm/abbrev/1.0.5
12 error code EACCES
13 error errno 3
14 error stack Error: EACCES, unlink '/home/alex/.npm/abbrev/1.0.5'
15 verbose exit [ 3, true ]
